<?xml version="1.0" encoding="UTF-8"?>
<!-- Generated by org.testng.reporters.JUnitReportReporter -->
<testsuite skipped="0" hostname="LAPTOP-NFU5TKLF" name="com.leafBot.testcases.TC001_LoginLogout" tests="2" failures="0" timestamp="08 Sep 2019 10:39:41 GMT" time="12.481" errors="0">
  <testcase name="runTC001" time="5.745" classname="com.leafBot.testcases.TC001_LoginLogout"/>
  <testcase name="runTC001" time="6.736" classname="com.leafBot.testcases.TC001_LoginLogout"/>
</testsuite> <!-- com.leafBot.testcases.TC001_LoginLogout -->
